npm error code ERESOLVE
npm error ERESOLVE unable to resolve dependency tree
npm error
npm error While resolving: yc_directory@0.1.0
npm error Found: react@19.1.0
npm error node_modules/react
npm error   react@"19.1.0" from the root project
npm error
npm error Could not resolve dependency:
npm error peer react@"^18.2.0 || 19.0.0-rc-2d16326d-20240930" from next@15.0.0-canary.183
npm error node_modules/next
npm error   next@"15.0.0-canary.183" from the root project
npm error
npm error Fix the upstream dependency conflict, or retry
npm error this command with --force or --legacy-peer-deps
npm error to accept an incorrect (and potentially broken) dependency resolution.
npm error
npm error
npm error For a full report see:
npm error /home/saira/.npm/_logs/2025-06-26T05_57_50_534Z-eresolve-report.txt
npm error A complete log of this run can be found in: /home/saira/.npm/_logs/2025-06-26T05_57_50_534Z-debug-0.log
